-------------------------------
Inventory_Item_Names : Boar Hides Boar Tails Bones Broken Boar Teeth Cat Whiskers Chicken Feathers Feather Greater Mana Potion Hides Lesser Health Potion Lesser Mana Potion Mana Potion Mouse Tails Random Loot #1 Random Loot #2 Random Loot #3 Random Loot #4 Random Loot #5 Rat Guts Rat Tails Rook Claws Rook Feathers Sharp Cat Teeth Wolf Hides Wolf Teeth
Inventory_Item_Name  : Boar Hides
Inventory_Item_Name  : Boar Tails
Inventory_Item_Name  : Bones
Inventory_Item_Name  : Broken Boar Teeth
Inventory_Item_Name  : Cat Whiskers
Inventory_Item_Name  : Chicken Feathers
Inventory_Item_Name  : Feather
Inventory_Item_Name  : Greater Mana Potion
Inventory_Item_Name  : Hides
Inventory_Item_Name  : Lesser Health Potion
Inventory_Item_Name  : Lesser Mana Potion
Inventory_Item_Name  : Mana Potion
Inventory_Item_Name  : Mouse Tails
Inventory_Item_Name  : Random Loot #1
Inventory_Item_Name  : Random Loot #2
Inventory_Item_Name  : Random Loot #3
Inventory_Item_Name  : Random Loot #4
Inventory_Item_Name  : Random Loot #5
Inventory_Item_Name  : Rat Guts
Inventory_Item_Name  : Rat Tails
Inventory_Item_Name  : Rook Claws
Inventory_Item_Name  : Rook Feathers
Inventory_Item_Name  : Sharp Cat Teeth
Inventory_Item_Name  : Wolf Hides
Inventory_Item_Name  : Wolf Teeth
Q1: 20
Q2: 20
